app/build/outputs/logs/manifest-merger-release-report.txt
-- Merging decision tree log ---
manifest
ADDED from src/main/AndroidManifest.xml:2:1-37:12
INJECTED from src/main/AndroidManifest.xml:2:1-37:12
INJECTED from src/main/AndroidManifest.xml:2:1-37:12
INJECTED from src/main/AndroidManifest.xml:2:1-37:12
MERGED from [com.github.satyan:sugar:1.3] AndroidManifest.xml:2:1-17:12
MERGED from [com.android.support:appcompat-v7:24.1.0] AndroidManifest.xml:17:1-27:12
MERGED from [:CordovaLib] AndroidManifest.xml:20:1-27:12
MERGED from [com.android.support:animated-vector-drawable:24.1.0] AndroidManifest.xml:17:1-24:12
MERGED from [com.android.support:support-vector-drawable:24.1.0] AndroidManifest.xml:17:1-25:12
MERGED from [com.android.support:support-v4:24.1.0] AndroidManifest.xml:17:1-27:12
INJECTED from src/main/AndroidManifest.xml:2:1-37:12
INJECTED from src/main/AndroidManifest.xml:2:1-37:12
INJECTED from src/main/AndroidManifest.xml:2:1-37:12
	package
		ADDED from src/main/AndroidManifest.xml:2:141-170
		INJECTED from src/main/AndroidManifest.xml
		INJECTED from src/main/AndroidManifest.xml
	android:versionName
		ADDED from src/main/AndroidManifest.xml:2:113-140
		INJECTED from src/main/AndroidManifest.xml
		INJECTED from src/main/AndroidManifest.xml
	xmlns:tools
		ADDED from src/main/AndroidManifest.xml:2:230-276
	android:hardwareAccelerated
		ADDED from src/main/AndroidManifest.xml:2:11-45
	xmlns:android
		ADDED from src/main/AndroidManifest.xml:2:171-229
	android:versionCode
		ADDED from src/main/AndroidManifest.xml:2:85-112
		INJECTED from src/main/AndroidManifest.xml
		INJECTED from src/main/AndroidManifest.xml
	android:name
		ADDED from src/main/AndroidManifest.xml:2:46-84
supports-screens
ADDED from src/main/AndroidManifest.xml:3:5-191
	android:largeScreens
		ADDED from src/main/AndroidManifest.xml:3:49-76
	android:smallScreens
		ADDED from src/main/AndroidManifest.xml:3:132-159
	android:normalScreens
		ADDED from src/main/AndroidManifest.xml:3:77-105
	android:xlargeScreens
		ADDED from src/main/AndroidManifest.xml:3:160-188
	android:resizeable
		ADDED from src/main/AndroidManifest.xml:3:106-131
	android:anyDensity
		ADDED from src/main/AndroidManifest.xml:3:23-48
uses-permission#android.permission.INTERNET
ADDED from src/main/AndroidManifest.xml:4:5-67
	android:name
		ADDED from src/main/AndroidManifest.xml:4:22-64
application
ADDED from src/main/AndroidManifest.xml:5:5-30:19
MERGED from [com.github.satyan:sugar:1.3] AndroidManifest.xml:11:5-15:19
MERGED from [com.github.satyan:sugar:1.3] AndroidManifest.xml:11:5-15:19
MERGED from [com.android.support:appcompat-v7:24.1.0] AndroidManifest.xml:25:5-20
MERGED from [com.android.support:appcompat-v7:24.1.0] AndroidManifest.xml:25:5-20
MERGED from [com.android.support:animated-vector-drawable:24.1.0] AndroidManifest.xml:22:5-20
MERGED from [com.android.support:animated-vector-drawable:24.1.0] AndroidManifest.xml:22:5-20
MERGED from [com.android.support:support-vector-drawable:24.1.0] AndroidManifest.xml:23:5-20
MERGED from [com.android.support:support-vector-drawable:24.1.0] AndroidManifest.xml:23:5-20
MERGED from [com.android.support:support-v4:24.1.0] AndroidManifest.xml:25:5-20
MERGED from [com.android.support:support-v4:24.1.0] AndroidManifest.xml:25:5-20
	android:supportsRtl
		ADDED from src/main/AndroidManifest.xml:5:153-179
	android:label
		ADDED from src/main/AndroidManifest.xml:5:81-113
	android:hardwareAccelerated
		ADDED from src/main/AndroidManifest.xml:5:18-52
	android:allowBackup
		ADDED from [com.github.satyan:sugar:1.3] AndroidManifest.xml:12:9-35
	android:icon
		ADDED from src/main/AndroidManifest.xml:5:53-80
		REJECTED from [com.github.satyan:sugar:1.3] AndroidManifest.xml:13:9-45
	tools:replace
		ADDED from src/main/AndroidManifest.xml:5:180-208
	android:name
		ADDED from src/main/AndroidManifest.xml:5:114-152
activity#org.busaracenter.es.MainActivity
ADDED from src/main/AndroidManifest.xml:6:9-11:20
	android:label
		ADDED from src/main/AndroidManifest.xml:6:97-134
	android:launchMode
		ADDED from src/main/AndroidManifest.xml:6:135-165
	android:windowSoftInputMode
		ADDED from src/main/AndroidManifest.xml:6:257-299
	android:configChanges
		ADDED from src/main/AndroidManifest.xml:6:19-96
	android:theme
		ADDED from src/main/AndroidManifest.xml:6:194-256
	android:name
		ADDED from src/main/AndroidManifest.xml:6:166-193
intent-filter#android.intent.action.MAIN+android.intent.category.LAUNCHER
ADDED from src/main/AndroidManifest.xml:7:13-10:29
	android:label
		ADDED from src/main/AndroidManifest.xml:7:28-65
action#android.intent.action.MAIN
ADDED from src/main/AndroidManifest.xml:8:17-69
	android:name
		ADDED from src/main/AndroidManifest.xml:8:25-66
category#android.intent.category.LAUNCHER
ADDED from src/main/AndroidManifest.xml:9:17-77
	android:name
		ADDED from src/main/AndroidManifest.xml:9:27-74
meta-data#DATABASE
ADDED from src/main/AndroidManifest.xml:12:9-69
	android:value
		ADDED from src/main/AndroidManifest.xml:12:44-66
	android:name
		ADDED from src/main/AndroidManifest.xml:12:20-43
meta-data#VERSION
ADDED from src/main/AndroidManifest.xml:13:9-63
	android:value
		ADDED from src/main/AndroidManifest.xml:13:43-60
	android:name
		ADDED from src/main/AndroidManifest.xml:13:20-42
meta-data#QUERY_LOG
ADDED from src/main/AndroidManifest.xml:14:9-68
	android:value
		ADDED from src/main/AndroidManifest.xml:14:45-65
	android:name
		ADDED from src/main/AndroidManifest.xml:14:20-44
meta-data#DOMAIN_PACKAGE_NAME
ADDED from src/main/AndroidManifest.xml:15:9-93
	android:value
		ADDED from src/main/AndroidManifest.xml:15:55-90
	android:name
		ADDED from src/main/AndroidManifest.xml:15:20-54
provider#org.busaracenter.es.service.ESContentProvider
ADDED from src/main/AndroidManifest.xml:16:9-194
	android:authorities
		ADDED from src/main/AndroidManifest.xml:16:19-68
	android:label
		ADDED from src/main/AndroidManifest.xml:16:94-125
	android:syncable
		ADDED from src/main/AndroidManifest.xml:16:168-191
	android:exported
		ADDED from src/main/AndroidManifest.xml:16:69-93
	android:name
		ADDED from src/main/AndroidManifest.xml:16:126-167
service#org.busaracenter.es.service.AuthenticatorService
ADDED from src/main/AndroidManifest.xml:17:9-22:19
	android:name
		ADDED from src/main/AndroidManifest.xml:17:18-62
intent-filter#android.accounts.AccountAuthenticator
ADDED from src/main/AndroidManifest.xml:18:13-20:29
action#android.accounts.AccountAuthenticator
ADDED from src/main/AndroidManifest.xml:19:17-80
	android:name
		ADDED from src/main/AndroidManifest.xml:19:25-77
meta-data#android.accounts.AccountAuthenticator
ADDED from src/main/AndroidManifest.xml:21:13-117
	android:resource
		ADDED from src/main/AndroidManifest.xml:21:77-114
	android:name
		ADDED from src/main/AndroidManifest.xml:21:24-76
service#org.busaracenter.es.service.ESSyncService
ADDED from src/main/AndroidManifest.xml:23:9-28:19
	android:exported
		ADDED from src/main/AndroidManifest.xml:23:18-41
	android:name
		ADDED from src/main/AndroidManifest.xml:23:42-79
intent-filter#android.content.SyncAdapter
ADDED from src/main/AndroidManifest.xml:24:13-26:29
action#android.content.SyncAdapter
ADDED from src/main/AndroidManifest.xml:25:17-70
	android:name
		ADDED from src/main/AndroidManifest.xml:25:25-67
meta-data#android.content.SyncAdapter
ADDED from src/main/AndroidManifest.xml:27:13-108
	android:resource
		ADDED from src/main/AndroidManifest.xml:27:67-105
	android:name
		ADDED from src/main/AndroidManifest.xml:27:24-66
receiver#org.busaracenter.es.receiver.NotificationReceiver
ADDED from src/main/AndroidManifest.xml:29:9-66
	android:name
		ADDED from src/main/AndroidManifest.xml:29:19-64
uses-sdk
ADDED from src/main/AndroidManifest.xml:31:5-74
MERGED from [com.github.satyan:sugar:1.3] AndroidManifest.xml:7:5-9:41
MERGED from [com.github.satyan:sugar:1.3] AndroidManifest.xml:7:5-9:41
MERGED from [com.android.support:appcompat-v7:24.1.0] AndroidManifest.xml:21:5-23:78
MERGED from [com.android.support:appcompat-v7:24.1.0] AndroidManifest.xml:21:5-23:78
MERGED from [:CordovaLib] AndroidManifest.xml:25:5-44
MERGED from [:CordovaLib] AndroidManifest.xml:25:5-44
MERGED from [com.android.support:animated-vector-drawable:24.1.0] AndroidManifest.xml:20:5-44
MERGED from [com.android.support:animated-vector-drawable:24.1.0] AndroidManifest.xml:20:5-44
MERGED from [com.android.support:support-vector-drawable:24.1.0] AndroidManifest.xml:21:5-43
MERGED from [com.android.support:support-vector-drawable:24.1.0] AndroidManifest.xml:21:5-43
MERGED from [com.android.support:support-v4:24.1.0] AndroidManifest.xml:21:5-23:54
MERGED from [com.android.support:support-v4:24.1.0] AndroidManifest.xml:21:5-23:54
	tools:overrideLibrary
		ADDED from [com.android.support:appcompat-v7:24.1.0] AndroidManifest.xml:23:9-75
	android:targetSdkVersion
		ADDED from src/main/AndroidManifest.xml:31:42-71
	android:minSdkVersion
		ADDED from src/main/AndroidManifest.xml:31:15-41
uses-permission#android.permission.AUTHENTICATE_ACCOUNTS
ADDED from src/main/AndroidManifest.xml:32:5-107
	android:maxSdkVersion
		ADDED from src/main/AndroidManifest.xml:32:22-48
	android:name
		ADDED from src/main/AndroidManifest.xml:32:49-104
uses-permission#android.permission.ACCESS_NETWORK_STATE
ADDED from src/main/AndroidManifest.xml:33:5-79
	android:name
		ADDED from src/main/AndroidManifest.xml:33:22-76
uses-permission#android.permission.MANAGE_ACCOUNTS
ADDED from src/main/AndroidManifest.xml:34:5-101
	android:maxSdkVersion
		ADDED from src/main/AndroidManifest.xml:34:22-48
	android:name
		ADDED from src/main/AndroidManifest.xml:34:49-98
uses-permission#android.permission.WRITE_SYNC_SETTINGS
ADDED from src/main/AndroidManifest.xml:35:5-78
	android:name
		ADDED from src/main/AndroidManifest.xml:35:22-75
uses-permission#android.permission.MODIFY_AUDIO_SETTINGS
ADDED from src/main/AndroidManifest.xml:36:5-80
	android:name
		ADDED from src/main/AndroidManifest.xml:36:22-77